<?xml version="1.0" encoding="UTF-8"?>
<coverage generated="1699827662261" clover="3.2.0">
  <project timestamp="1699827662262" name="All files">
    <metrics statements="4" coveredstatements="4" conditionals="0" coveredconditionals="0" methods="3" coveredmethods="3" elements="7" coveredelements="7" complexity="0" loc="4" ncloc="4" packages="1" files="3" classes="3"/>
    <file name="Button.tsx" path="/Users/MacbookNikita/Documents/projects/RSS-react/src/components/Button.tsx">
      <metrics statements="1" coveredstatements="1" conditionals="0" coveredconditionals="0" methods="1" coveredmethods="1"/>
      <line num="12" count="2" type="stmt"/>
    </file>
    <file name="FilmListItem.tsx" path="/Users/MacbookNikita/Documents/projects/RSS-react/src/components/FilmListItem.tsx">
      <metrics statements="2" coveredstatements="2" conditionals="0" coveredconditionals="0" methods="1" coveredmethods="1"/>
      <line num="8" count="1" type="stmt"/>
      <line num="9" count="1" type="stmt"/>
    </file>
    <file name="Input.tsx" path="/Users/MacbookNikita/Documents/projects/RSS-react/src/components/Input.tsx">
      <metrics statements="1" coveredstatements="1" conditionals="0" coveredconditionals="0" methods="1" coveredmethods="1"/>
      <line num="10" count="2" type="stmt"/>
    </file>
  </project>
</coverage>
