{"/Users/MacbookNikita/Documents/projects/RSS-react/src/components/Button.tsx": {"path":"/Users/MacbookNikita/Documents/projects/RSS-react/src/components/Button.tsx","statementMap":{"0":{"start":{"line":12,"column":2},"end":{"line":15,"column":null}}},"fnMap":{"0":{"name":"Button","decl":{"start":{"line":11,"column":24},"end":{"line":11,"column":31}},"loc":{"start":{"line":11,"column":68},"end":{"line":17,"column":null}}}},"branchMap":{},"s":{"0":2},"f":{"0":2},"b":{}}
,"/Users/MacbookNikita/Documents/projects/RSS-react/src/components/FilmListItem.tsx": {"path":"/Users/MacbookNikita/Documents/projects/RSS-react/src/components/FilmListItem.tsx","statementMap":{"0":{"start":{"line":8,"column":50},"end":{"line":15,"column":null}},"1":{"start":{"line":9,"column":4},"end":{"line":13,"column":null}}},"fnMap":{"0":{"name":"(anonymous_0)","decl":{"start":{"line":8,"column":50},"end":{"line":8,"column":51}},"loc":{"start":{"line":8,"column":64},"end":{"line":15,"column":null}}}},"branchMap":{},"s":{"0":1,"1":1},"f":{"0":1},"b":{}}
,"/Users/MacbookNikita/Documents/projects/RSS-react/src/components/Input.tsx": {"path":"/Users/MacbookNikita/Documents/projects/RSS-react/src/components/Input.tsx","statementMap":{"0":{"start":{"line":10,"column":2},"end":{"line":11,"column":null}}},"fnMap":{"0":{"name":"Input","decl":{"start":{"line":9,"column":24},"end":{"line":9,"column":30}},"loc":{"start":{"line":9,"column":68},"end":{"line":13,"column":null}}}},"branchMap":{},"s":{"0":2},"f":{"0":2},"b":{}}
}
